{"/Users/mike/Documents/DeFi/MinaNFT/Navigators/nc1/message.ts": {"path":"/Users/mike/Documents/DeFi/MinaNFT/Navigators/nc1/message.ts","statementMap":{"0":{"start":{"line":1,"column":0},"end":{"line":1,"column":null}},"1":{"start":{"line":18,"column":13},"end":{"line":18,"column":28}},"2":{"start":{"line":20,"column":0},"end":{"line":20,"column":13}},"3":{"start":{"line":25,"column":0},"end":{"line":25,"column":13}},"4":{"start":{"line":32,"column":20},"end":{"line":32,"column":47}},"5":{"start":{"line":33,"column":17},"end":{"line":33,"column":43}},"6":{"start":{"line":43,"column":2},"end":{"line":45,"column":5}},"7":{"start":{"line":47,"column":2},"end":{"line":50,"column":4}},"8":{"start":{"line":36,"column":4},"end":{"line":36,"column":23}},"9":{"start":{"line":37,"column":4},"end":{"line":40,"column":7}},"10":{"start":{"line":53,"column":18},"end":{"line":53,"column":50}},"11":{"start":{"line":54,"column":4},"end":{"line":54,"column":36}},"12":{"start":{"line":55,"column":27},"end":{"line":57,"column":6}},"13":{"start":{"line":59,"column":38},"end":{"line":70,"column":null}},"14":{"start":{"line":63,"column":24},"end":{"line":63,"column":54}},"15":{"start":{"line":64,"column":8},"end":{"line":64,"column":33}},"16":{"start":{"line":73,"column":4},"end":{"line":73,"column":45}},"17":{"start":{"line":75,"column":29},"end":{"line":86,"column":null}},"18":{"start":{"line":80,"column":8},"end":{"line":80,"column":41}},"19":{"start":{"line":89,"column":4},"end":{"line":89,"column":56}},"20":{"start":{"line":91,"column":4},"end":{"line":93,"column":6}},"21":{"start":{"line":94,"column":4},"end":{"line":94,"column":35}},"22":{"start":{"line":98,"column":17},"end":{"line":98,"column":33}},"23":{"start":{"line":99,"column":18},"end":{"line":99,"column":49}},"24":{"start":{"line":100,"column":17},"end":{"line":100,"column":32}},"25":{"start":{"line":103,"column":23},"end":{"line":106,"column":null}},"26":{"start":{"line":108,"column":4},"end":{"line":108,"column":41}},"27":{"start":{"line":112,"column":23},"end":{"line":115,"column":null}},"28":{"start":{"line":117,"column":4},"end":{"line":117,"column":40}},"29":{"start":{"line":122,"column":23},"end":{"line":125,"column":null}},"30":{"start":{"line":127,"column":4},"end":{"line":127,"column":41}},"31":{"start":{"line":129,"column":27},"end":{"line":131,"column":6}},"32":{"start":{"line":133,"column":38},"end":{"line":144,"column":null}},"33":{"start":{"line":137,"column":26},"end":{"line":137,"column":60}},"34":{"start":{"line":138,"column":8},"end":{"line":138,"column":35}},"35":{"start":{"line":146,"column":4},"end":{"line":146,"column":44}},"36":{"start":{"line":148,"column":37},"end":{"line":161,"column":null}},"37":{"start":{"line":152,"column":26},"end":{"line":152,"column":60}},"38":{"start":{"line":153,"column":26},"end":{"line":153,"column":42}},"39":{"start":{"line":154,"column":23},"end":{"line":154,"column":47}},"40":{"start":{"line":155,"column":8},"end":{"line":155,"column":32}},"41":{"start":{"line":164,"column":4},"end":{"line":164,"column":44}},"42":{"start":{"line":165,"column":4},"end":{"line":171,"column":6}},"43":{"start":{"line":173,"column":20},"end":{"line":173,"column":54}},"44":{"start":{"line":174,"column":4},"end":{"line":174,"column":50}},"45":{"start":{"line":175,"column":4},"end":{"line":178,"column":6}},"46":{"start":{"line":32,"column":2},"end":{"line":32,"column":null}},"47":{"start":{"line":33,"column":2},"end":{"line":33,"column":null}},"48":{"start":{"line":52,"column":2},"end":{"line":95,"column":null}},"49":{"start":{"line":97,"column":2},"end":{"line":179,"column":null}},"50":{"start":{"line":31,"column":0},"end":{"line":31,"column":13}}},"fnMap":{"0":{"name":"(anonymous_2)","decl":{"start":{"line":31,"column":0},"end":{"line":31,"column":13}},"loc":{"start":{"line":31,"column":0},"end":{"line":180,"column":1}}},"1":{"name":"(anonymous_3)","decl":{"start":{"line":35,"column":2},"end":{"line":35,"column":8}},"loc":{"start":{"line":35,"column":25},"end":{"line":41,"column":3}}},"2":{"name":"(anonymous_4)","decl":{"start":{"line":52,"column":10},"end":{"line":52,"column":13}},"loc":{"start":{"line":52,"column":32},"end":{"line":95,"column":3}}},"3":{"name":"(anonymous_5)","decl":{"start":{"line":62,"column":6},"end":{"line":62,"column":7}},"loc":{"start":{"line":62,"column":24},"end":{"line":65,"column":7}}},"4":{"name":"(anonymous_6)","decl":{"start":{"line":79,"column":6},"end":{"line":79,"column":7}},"loc":{"start":{"line":79,"column":24},"end":{"line":81,"column":7}}},"5":{"name":"(anonymous_7)","decl":{"start":{"line":97,"column":10},"end":{"line":97,"column":21}},"loc":{"start":{"line":97,"column":36},"end":{"line":179,"column":3}}},"6":{"name":"(anonymous_8)","decl":{"start":{"line":136,"column":6},"end":{"line":136,"column":7}},"loc":{"start":{"line":136,"column":24},"end":{"line":139,"column":7}}},"7":{"name":"(anonymous_9)","decl":{"start":{"line":151,"column":6},"end":{"line":151,"column":7}},"loc":{"start":{"line":151,"column":24},"end":{"line":156,"column":7}}}},"branchMap":{},"s":{"0":1,"1":1,"2":1,"3":1,"4":27,"5":27,"6":27,"7":27,"8":2,"9":2,"10":39,"11":39,"12":38,"13":38,"14":740,"15":740,"16":38,"17":37,"18":720,"19":37,"20":36,"21":36,"22":57,"23":57,"24":57,"25":57,"26":57,"27":51,"28":51,"29":49,"30":49,"31":47,"32":47,"33":940,"34":940,"35":47,"36":46,"37":920,"38":920,"39":920,"40":920,"41":46,"42":45,"43":45,"44":45,"45":45,"46":1,"47":1,"48":1,"49":1,"50":1},"f":{"0":27,"1":2,"2":39,"3":740,"4":720,"5":57,"6":940,"7":920},"b":{}}
}
