TN:
SF:message.ts
FN:31,(anonymous_2)
FN:35,(anonymous_3)
FN:52,(anonymous_4)
FN:62,(anonymous_5)
FN:79,(anonymous_6)
FN:97,(anonymous_7)
FN:136,(anonymous_8)
FN:151,(anonymous_9)
FNF:8
FNH:8
FNDA:27,(anonymous_2)
FNDA:2,(anonymous_3)
FNDA:39,(anonymous_4)
FNDA:740,(anonymous_5)
FNDA:720,(anonymous_6)
FNDA:57,(anonymous_7)
FNDA:940,(anonymous_8)
FNDA:920,(anonymous_9)
DA:1,1
DA:18,1
DA:20,1
DA:25,1
DA:31,1
DA:32,27
DA:33,27
DA:36,2
DA:37,2
DA:43,27
DA:47,27
DA:52,1
DA:53,39
DA:54,39
DA:55,38
DA:59,38
DA:63,740
DA:64,740
DA:73,38
DA:75,37
DA:80,720
DA:89,37
DA:91,36
DA:94,36
DA:97,1
DA:98,57
DA:99,57
DA:100,57
DA:103,57
DA:108,57
DA:112,51
DA:117,51
DA:122,49
DA:127,49
DA:129,47
DA:133,47
DA:137,940
DA:138,940
DA:146,47
DA:148,46
DA:152,920
DA:153,920
DA:154,920
DA:155,920
DA:164,46
DA:165,45
DA:173,45
DA:174,45
DA:175,45
LF:49
LH:49
BRF:0
BRH:0
end_of_record
